<?xml version="1.0" encoding="UTF-8"?>
<!-- Generated by org.testng.reporters.JUnitXMLReporter -->
<testsuite ignored="0" hostname="SAMEER" failures="3" tests="5" name="chrometest" time="19.786" errors="0" timestamp="2024-09-01T17:27:36 IST">
  <testcase classname="testCases.EC003_LoginDDT" name="verify_loginDDT" time="3.456"/>
  <testcase classname="testCases.EC003_LoginDDT" name="verify_loginDDT" time="0.779">
    <failure type="java.lang.AssertionError" message="expected [true] but found [false]">
      <![CDATA[java.lang.AssertionError: expected [true] but found [false]
at testCases.EC003_LoginDDT.verify_loginDDT(EC003_LoginDDT.java:53)
at java.base/java.util.ArrayList.forEach(ArrayList.java:1511)
... Removed 31 stack frames]]>
    </failure>
  </testcase> <!-- verify_loginDDT -->
  <testcase classname="testCases.EC003_LoginDDT" name="verify_loginDDT" time="0.722">
    <failure type="java.lang.AssertionError" message="expected [true] but found [false]">
      <![CDATA[java.lang.AssertionError: expected [true] but found [false]
at testCases.EC003_LoginDDT.verify_loginDDT(EC003_LoginDDT.java:53)
at java.base/java.util.ArrayList.forEach(ArrayList.java:1511)
... Removed 31 stack frames]]>
    </failure>
  </testcase> <!-- verify_loginDDT -->
  <testcase classname="testCases.EC003_LoginDDT" name="verify_loginDDT" time="0.014">
    <failure type="java.lang.AssertionError" message="null">
      <![CDATA[java.lang.AssertionError: null
at testCases.EC003_LoginDDT.verify_loginDDT(EC003_LoginDDT.java:64)
at java.base/java.util.ArrayList.forEach(ArrayList.java:1511)
... Removed 29 stack frames]]>
    </failure>
  </testcase> <!-- verify_loginDDT -->
  <testcase classname="testCases.EC003_LoginDDT" name="verify_loginDDT" time="3.675"/>
</testsuite> <!-- chrometest -->
